
> video-downloader@0.1.0 dev
> next dev

 ΓÜá `images.domains` is deprecated in favor of `images.remotePatterns`. Please update next.config.ts to protect your application from malicious users.
   Γû▓ Next.js 16.0.4 (Turbopack)
   - Local:         http://localhost:3000
   - Network:       http://10.211.85.75:3000

 Γ£ô Starting...
 Γ£ô Ready in 992ms
 ΓÜá metadataBase property in metadata export is not set for resolving social open graph or twitter images, using "http://localhost:3000". See https://nextjs.org/docs/app/api-reference/functions/generate-metadata#metadatabase
 GET / 200 in 3.2s (compile: 2.8s, render: 412ms)
 GET / 200 in 118ms (compile: 6ms, render: 112ms)
 GET /grid-pattern.svg 404 in 732ms (compile: 629ms, render: 104ms)
 GET /grid-pattern.svg 404 in 78ms (compile: 11ms, render: 67ms)
 GET /instagram-downloader 404 in 67ms (compile: 7ms, render: 60ms)
 GET / 200 in 101ms (compile: 5ms, render: 96ms)
 GET /grid-pattern.svg 404 in 79ms (compile: 8ms, render: 72ms)
 GET /youtube-downloader 200 in 367ms (compile: 339ms, render: 29ms)
 GET /blog 200 in 358ms (compile: 335ms, render: 23ms)
 GET /api-docs 200 in 296ms (compile: 276ms, render: 20ms)
 GET /premium 200 in 298ms (compile: 278ms, render: 20ms)
 GET /faq 404 in 27ms (compile: 5ms, render: 22ms)
 GET /faq 404 in 64ms (compile: 5ms, render: 59ms)
 GET /premium 200 in 78ms (compile: 4ms, render: 74ms)
 GET /contact 404 in 20ms (compile: 4ms, render: 15ms)
 GET /contact 404 in 48ms (compile: 5ms, render: 43ms)
 GET /premium 200 in 65ms (compile: 4ms, render: 61ms)
 GET /api-docs 200 in 27ms (compile: 5ms, render: 23ms)
 GET /blog 200 in 23ms (compile: 4ms, render: 19ms)
 GET /youtube-downloader 200 in 29ms (compile: 4ms, render: 25ms)
 GET / 200 in 31ms (compile: 4ms, render: 27ms)
 GET /grid-pattern.svg 404 in 65ms (compile: 7ms, render: 58ms)
 GET /youtube-downloader 200 in 29ms (compile: 4ms, render: 24ms)
 GET /instagram-downloader 404 in 24ms (compile: 5ms, render: 19ms)
 GET /instagram-downloader 404 in 65ms (compile: 5ms, render: 60ms)
 GET /tiktok-downloader 404 in 20ms (compile: 5ms, render: 15ms)
 GET /tiktok-downloader 404 in 52ms (compile: 4ms, render: 47ms)
 GET /instagram-downloader 404 in 24ms (compile: 6ms, render: 18ms)
 GET /instagram-downloader 404 in 58ms (compile: 4ms, render: 54ms)
 GET / 200 in 30ms (compile: 4ms, render: 26ms)
 GET /grid-pattern.svg 404 in 91ms (compile: 9ms, render: 82ms)
 GET / 200 in 34ms (compile: 6ms, render: 28ms)
 GET / 200 in 22ms (compile: 4ms, render: 19ms)
 GET / 200 in 37ms (compile: 4ms, render: 33ms)
 GET / 200 in 25ms (compile: 3ms, render: 22ms)
 GET /tiktok-downloader 404 in 58ms (compile: 5ms, render: 52ms)
 GET /instagram-downloader 404 in 70ms (compile: 7ms, render: 64ms)
^Cnpm error A complete log of this run can be found in: C:\Users\krish\AppData\Local\npm-cache\_logs\2025-11-25T17_30_22_419Z-debug-0.log
